<?xml version="1.0" encoding="UTF-8"?>
<!-- Generated by org.testng.reporters.JUnitReportReporter -->
<testsuite hostname="DESKTOP-HIQ2IVV" failures="0" tests="2" name="com.orangehrm.testcases.LoginTest" time="15.853" errors="0" timestamp="2025-02-21T20:34:40 IST" skipped="0">
  <testcase classname="com.orangehrm.testcases.LoginTest" name="userValidlogin2" time="9.075"/>
  <system-out/>
  <testcase classname="com.orangehrm.testcases.LoginTest" name="userValidlogin1" time="6.778"/>
  <system-out/>
</testsuite> <!-- com.orangehrm.testcases.LoginTest -->
