<?xml version="1.0" encoding="UTF-8"?>
<!-- Generated by org.testng.reporters.JUnitReportReporter -->
<testsuite hostname="DESKTOP-HIQ2IVV" failures="0" tests="1" name="globalqa.Simplepagetest" time="53.025" errors="0" timestamp="2025-02-20T18:42:22 IST" skipped="0">
  <testcase classname="globalqa.Simplepagetest" name="simplepagetest" time="53.025"/>
  <system-out/>
</testsuite> <!-- globalqa.Simplepagetest -->
